Terminals unused in grammar

   FLECHA
   ESPECIFICADOR_CLASE_ALMACENAMIENTO
   CALIFICADOR_DE_TIPO
   STRUCT_O_UNION
   ENUM
   CASE
   DEFAULT
   CONTINUE
   BREAK


Estado 24 conflictos: 1 desplazamiento(s)/reducción(ones)
Estado 133 conflictos: 1 desplazamiento(s)/reducción(ones)
Estado 141 conflictos: 23 reducción(ones)/reducción(ones)


Gramática

    0 $accept: input $end

    1 input: /* vacío */
    2      | input line

    3 line: declaracion '\n'
    4     | sentencia '\n'
    5     | error '\n'

    6 expresion: expAsignacion

    7 expAsignacion: expCondicional
    8              | expUnaria OPERADOR_ASIGNACION expAsignacion

    9 expCondicional: expOr
   10               | expOr '?' expresion ':' expCondicional

   11 expOr: expAnd
   12      | expOr OPERADOR_O_LOGICO expAnd

   13 expAnd: expIgualdad
   14       | expAnd OPERADOR_Y_LOGICO expIgualdad

   15 expIgualdad: expRelacional
   16            | expIgualdad COMPARADOR_IGUALDAD expRelacional

   17 expRelacional: expAditiva
   18              | expRelacional OPERADOR_RELACION expAditiva

   19 expAditiva: expMultiplicativa
   20           | expAditiva operAditivo expMultiplicativa

   21 operAditivo: '+'
   22            | '-'

   23 expMultiplicativa: expUnaria
   24                  | expMultiplicativa operMultiplicativo expUnaria

   25 operMultiplicativo: '*'
   26                   | '/'

   27 expUnaria: expPostfijo
   28          | OPERADOR_INCREMENTO expUnaria
   29          | operUnario expUnaria
   30          | SIZE_OF '(' TIPO_DATO ')'

   31 operUnario: '*'
   32           | '&'
   33           | '-'
   34           | '!'

   35 expPostfijo: expPrimaria
   36            | expPostfijo '[' expresion ']'
   37            | expPostfijo '(' opcionListaArgumentos ')'

   38 opcionListaArgumentos: /* vacío */
   39                      | expAsignacion
   40                      | opcionListaArgumentos ',' expAsignacion

   41 expPrimaria: IDENTIFICADOR
   42            | constante
   43            | LITERAL_CADENA
   44            | '(' expresion ')'

   45 constante: CONSTANTE_ENTERA
   46          | CONSTANTE_REAL
   47          | CONSTANTE_CARACTER

   48 declaracion: declaracionVariablesSimples
   49            | declaracionFunciones
   50            | definicionFunciones

   51 declaracionVariablesSimples: TIPO_DATO listaVariablesSimples ';'

   52 listaVariablesSimples: variableSimple
   53                      | listaVariablesSimples ',' variableSimple

   54 variableSimple: IDENTIFICADOR opcionInicializacion

   55 opcionInicializacion: /* vacío */
   56                     | OPERADOR_ASIGNACION expCondicional

   57 declaracionFunciones: TIPO_DATO IDENTIFICADOR '(' opcionArgumentosConTipo ')' ';'

   58 opcionArgumentosConTipo: /* vacío */
   59                        | TIPO_DATO opcionReferencia IDENTIFICADOR
   60                        | TIPO_DATO opcionReferencia IDENTIFICADOR ',' argumentosConTipo

   61 argumentosConTipo: TIPO_DATO opcionReferencia IDENTIFICADOR
   62                  | TIPO_DATO opcionReferencia IDENTIFICADOR ',' argumentosConTipo

   63 opcionReferencia: /* vacío */
   64                 | '&'

   65 definicionFunciones: TIPO_DATO IDENTIFICADOR '(' opcionArgumentosConTipo ')' sentencia

   66 sentencia: sentenciaExpresion
   67          | sentenciaCompuesta
   68          | sentenciaDeSeleccion
   69          | sentenciaDeIteracion
   70          | sentenciaDeSalto

   71 sentenciaCompuesta: '{' opcionListaDeclaraciones opcionListaSentencias '}'

   72 opcionListaDeclaraciones: /* vacío */
   73                         | declaracion
   74                         | opcionListaDeclaraciones declaracion

   75 listaSentencias: sentencia
   76                | listaSentencias sentencia

   77 opcionListaSentencias: /* vacío */
   78                      | sentencia
   79                      | listaSentencias sentencia

   80 sentenciaExpresion: ';'
   81                   | expresion ';'

   82 sentenciaDeSeleccion: IF '(' expresion ')' sentencia
   83                     | IF '(' expresion ')' sentencia ELSE sentencia
   84                     | SWITCH '(' expresion ')' sentencia

   85 sentenciaDeIteracion: WHILE '(' expresion ')' sentencia
   86                     | DO sentencia WHILE '(' expresion ')' ';'
   87                     | FOR '(' opcionExpresion ';' opcionExpresion ';' opcionExpresion ')' sentencia

   88 sentenciaDeSalto: RETURN opcionExpresion ';'

   89 opcionExpresion: /* vacío */
   90                | expresion


Terminales con las reglas donde aparecen

$end (0) 0
'\n' (10) 3 4 5
'!' (33) 34
'&' (38) 32 64
'(' (40) 30 37 44 57 65 82 83 84 85 86 87
')' (41) 30 37 44 57 65 82 83 84 85 86 87
'*' (42) 25 31
'+' (43) 21
',' (44) 40 53 60 62
'-' (45) 22 33
'/' (47) 26
':' (58) 10
';' (59) 51 57 80 81 86 87 88
'?' (63) 10
'[' (91) 36
']' (93) 36
'{' (123) 71
'}' (125) 71
error (256) 5
CONSTANTE_ENTERA (258) 45
CONSTANTE_REAL (259) 46
CONSTANTE_CARACTER (260) 47
IDENTIFICADOR (261) 41 54 57 59 60 61 62 65
LITERAL_CADENA (262) 43
OPERADOR_ASIGNACION (263) 8 56
OPERADOR_O_LOGICO (264) 12
OPERADOR_Y_LOGICO (265) 14
COMPARADOR_IGUALDAD (266) 16
OPERADOR_RELACION (267) 18
OPERADOR_INCREMENTO (268) 28
SIZE_OF (269) 30
FLECHA (270)
ESPECIFICADOR_CLASE_ALMACENAMIENTO (271)
TIPO_DATO (272) 30 51 57 59 60 61 62 65
CALIFICADOR_DE_TIPO (273)
STRUCT_O_UNION (274)
ENUM (275)
IF (276) 82 83
ELSE (277) 83
SWITCH (278) 84
WHILE (279) 85 86
DO (280) 86
FOR (281) 87
CASE (282)
DEFAULT (283)
CONTINUE (284)
BREAK (285)
RETURN (286) 88


No terminales con las reglas donde aparecen

$accept (49)
    en la izquierda: 0
input (50)
    en la izquierda: 1 2, en la derecha: 0 2
line (51)
    en la izquierda: 3 4 5, en la derecha: 2
expresion (52)
    en la izquierda: 6, en la derecha: 10 36 44 81 82 83 84 85 86 90
expAsignacion (53)
    en la izquierda: 7 8, en la derecha: 6 8 39 40
expCondicional (54)
    en la izquierda: 9 10, en la derecha: 7 10 56
expOr (55)
    en la izquierda: 11 12, en la derecha: 9 10 12
expAnd (56)
    en la izquierda: 13 14, en la derecha: 11 12 14
expIgualdad (57)
    en la izquierda: 15 16, en la derecha: 13 14 16
expRelacional (58)
    en la izquierda: 17 18, en la derecha: 15 16 18
expAditiva (59)
    en la izquierda: 19 20, en la derecha: 17 18 20
operAditivo (60)
    en la izquierda: 21 22, en la derecha: 20
expMultiplicativa (61)
    en la izquierda: 23 24, en la derecha: 19 20 24
operMultiplicativo (62)
    en la izquierda: 25 26, en la derecha: 24
expUnaria (63)
    en la izquierda: 27 28 29 30, en la derecha: 8 23 24 28 29
operUnario (64)
    en la izquierda: 31 32 33 34, en la derecha: 29
expPostfijo (65)
    en la izquierda: 35 36 37, en la derecha: 27 36 37
opcionListaArgumentos (66)
    en la izquierda: 38 39 40, en la derecha: 37 40
expPrimaria (67)
    en la izquierda: 41 42 43 44, en la derecha: 35
constante (68)
    en la izquierda: 45 46 47, en la derecha: 42
declaracion (69)
    en la izquierda: 48 49 50, en la derecha: 3 73 74
declaracionVariablesSimples (70)
    en la izquierda: 51, en la derecha: 48
listaVariablesSimples (71)
    en la izquierda: 52 53, en la derecha: 51 53
variableSimple (72)
    en la izquierda: 54, en la derecha: 52 53
opcionInicializacion (73)
    en la izquierda: 55 56, en la derecha: 54
declaracionFunciones (74)
    en la izquierda: 57, en la derecha: 49
opcionArgumentosConTipo (75)
    en la izquierda: 58 59 60, en la derecha: 57 65
argumentosConTipo (76)
    en la izquierda: 61 62, en la derecha: 60 62
opcionReferencia (77)
    en la izquierda: 63 64, en la derecha: 59 60 61 62
definicionFunciones (78)
    en la izquierda: 65, en la derecha: 50
sentencia (79)
    en la izquierda: 66 67 68 69 70, en la derecha: 4 65 75 76 78 79
    82 83 84 85 86 87
sentenciaCompuesta (80)
    en la izquierda: 71, en la derecha: 67
opcionListaDeclaraciones (81)
    en la izquierda: 72 73 74, en la derecha: 71 74
listaSentencias (82)
    en la izquierda: 75 76, en la derecha: 76 79
opcionListaSentencias (83)
    en la izquierda: 77 78 79, en la derecha: 71
sentenciaExpresion (84)
    en la izquierda: 80 81, en la derecha: 66
sentenciaDeSeleccion (85)
    en la izquierda: 82 83 84, en la derecha: 68
sentenciaDeIteracion (86)
    en la izquierda: 85 86 87, en la derecha: 69
sentenciaDeSalto (87)
    en la izquierda: 88, en la derecha: 70
opcionExpresion (88)
    en la izquierda: 89 90, en la derecha: 87 88


estado 0

    0 $accept: . input $end

    $default  reduce usando la regla 1 (input)

    input  ir al estado 1


estado 1

    0 $accept: input . $end
    2 input: input . line

    $end                 desplazar e ir al estado 2
    error                desplazar e ir al estado 3
    CONSTANTE_ENTERA     desplazar e ir al estado 4
    CONSTANTE_REAL       desplazar e ir al estado 5
    CONSTANTE_CARACTER   desplazar e ir al estado 6
    IDENTIFICADOR        desplazar e ir al estado 7
    LITERAL_CADENA       desplazar e ir al estado 8
    OPERADOR_INCREMENTO  desplazar e ir al estado 9
    SIZE_OF              desplazar e ir al estado 10
    TIPO_DATO            desplazar e ir al estado 11
    IF                   desplazar e ir al estado 12
    SWITCH               desplazar e ir al estado 13
    WHILE                desplazar e ir al estado 14
    DO                   desplazar e ir al estado 15
    FOR                  desplazar e ir al estado 16
    RETURN               desplazar e ir al estado 17
    '-'                  desplazar e ir al estado 18
    '*'                  desplazar e ir al estado 19
    '('                  desplazar e ir al estado 20
    '&'                  desplazar e ir al estado 21
    '!'                  desplazar e ir al estado 22
    ';'                  desplazar e ir al estado 23
    '{'                  desplazar e ir al estado 24

    line                         ir al estado 25
    expresion                    ir al estado 26
    expAsignacion                ir al estado 27
    expCondicional               ir al estado 28
    expOr                        ir al estado 29
    expAnd                       ir al estado 30
    expIgualdad                  ir al estado 31
    expRelacional                ir al estado 32
    expAditiva                   ir al estado 33
    expMultiplicativa            ir al estado 34
    expUnaria                    ir al estado 35
    operUnario                   ir al estado 36
    expPostfijo                  ir al estado 37
    expPrimaria                  ir al estado 38
    constante                    ir al estado 39
    declaracion                  ir al estado 40
    declaracionVariablesSimples  ir al estado 41
    declaracionFunciones         ir al estado 42
    definicionFunciones          ir al estado 43
    sentencia                    ir al estado 44
    sentenciaCompuesta           ir al estado 45
    sentenciaExpresion           ir al estado 46
    sentenciaDeSeleccion         ir al estado 47
    sentenciaDeIteracion         ir al estado 48
    sentenciaDeSalto             ir al estado 49


estado 2

    0 $accept: input $end .

    $default  aceptar


estado 3

    5 line: error . '\n'

    '\n'  desplazar e ir al estado 50


estado 4

   45 constante: CONSTANTE_ENTERA .

    $default  reduce usando la regla 45 (constante)


estado 5

   46 constante: CONSTANTE_REAL .

    $default  reduce usando la regla 46 (constante)


estado 6

   47 constante: CONSTANTE_CARACTER .

    $default  reduce usando la regla 47 (constante)


estado 7

   41 expPrimaria: IDENTIFICADOR .

    $default  reduce usando la regla 41 (expPrimaria)


estado 8

   43 expPrimaria: LITERAL_CADENA .

    $default  reduce usando la regla 43 (expPrimaria)


estado 9

   28 expUnaria: OPERADOR_INCREMENTO . expUnaria

    CONSTANTE_ENTERA     desplazar e ir al estado 4
    CONSTANTE_REAL       desplazar e ir al estado 5
    CONSTANTE_CARACTER   desplazar e ir al estado 6
    IDENTIFICADOR        desplazar e ir al estado 7
    LITERAL_CADENA       desplazar e ir al estado 8
    OPERADOR_INCREMENTO  desplazar e ir al estado 9
    SIZE_OF              desplazar e ir al estado 10
    '-'                  desplazar e ir al estado 18
    '*'                  desplazar e ir al estado 19
    '('                  desplazar e ir al estado 20
    '&'                  desplazar e ir al estado 21
    '!'                  desplazar e ir al estado 22

    expUnaria    ir al estado 51
    operUnario   ir al estado 36
    expPostfijo  ir al estado 37
    expPrimaria  ir al estado 38
    constante    ir al estado 39


estado 10

   30 expUnaria: SIZE_OF . '(' TIPO_DATO ')'

    '('  desplazar e ir al estado 52


estado 11

   51 declaracionVariablesSimples: TIPO_DATO . listaVariablesSimples ';'
   57 declaracionFunciones: TIPO_DATO . IDENTIFICADOR '(' opcionArgumentosConTipo ')' ';'
   65 definicionFunciones: TIPO_DATO . IDENTIFICADOR '(' opcionArgumentosConTipo ')' sentencia

    IDENTIFICADOR  desplazar e ir al estado 53

    listaVariablesSimples  ir al estado 54
    variableSimple         ir al estado 55


estado 12

   82 sentenciaDeSeleccion: IF . '(' expresion ')' sentencia
   83                     | IF . '(' expresion ')' sentencia ELSE sentencia

    '('  desplazar e ir al estado 56


estado 13

   84 sentenciaDeSeleccion: SWITCH . '(' expresion ')' sentencia

    '('  desplazar e ir al estado 57


estado 14

   85 sentenciaDeIteracion: WHILE . '(' expresion ')' sentencia

    '('  desplazar e ir al estado 58


estado 15

   86 sentenciaDeIteracion: DO . sentencia WHILE '(' expresion ')' ';'

    CONSTANTE_ENTERA     desplazar e ir al estado 4
    CONSTANTE_REAL       desplazar e ir al estado 5
    CONSTANTE_CARACTER   desplazar e ir al estado 6
    IDENTIFICADOR        desplazar e ir al estado 7
    LITERAL_CADENA       desplazar e ir al estado 8
    OPERADOR_INCREMENTO  desplazar e ir al estado 9
    SIZE_OF              desplazar e ir al estado 10
    IF                   desplazar e ir al estado 12
    SWITCH               desplazar e ir al estado 13
    WHILE                desplazar e ir al estado 14
    DO                   desplazar e ir al estado 15
    FOR                  desplazar e ir al estado 16
    RETURN               desplazar e ir al estado 17
    '-'                  desplazar e ir al estado 18
    '*'                  desplazar e ir al estado 19
    '('                  desplazar e ir al estado 20
    '&'                  desplazar e ir al estado 21
    '!'                  desplazar e ir al estado 22
    ';'                  desplazar e ir al estado 23
    '{'                  desplazar e ir al estado 24

    expresion             ir al estado 26
    expAsignacion         ir al estado 27
    expCondicional        ir al estado 28
    expOr                 ir al estado 29
    expAnd                ir al estado 30
    expIgualdad           ir al estado 31
    expRelacional         ir al estado 32
    expAditiva            ir al estado 33
    expMultiplicativa     ir al estado 34
    expUnaria             ir al estado 35
    operUnario            ir al estado 36
    expPostfijo           ir al estado 37
    expPrimaria           ir al estado 38
    constante             ir al estado 39
    sentencia             ir al estado 59
    sentenciaCompuesta    ir al estado 45
    sentenciaExpresion    ir al estado 46
    sentenciaDeSeleccion  ir al estado 47
    sentenciaDeIteracion  ir al estado 48
    sentenciaDeSalto      ir al estado 49


estado 16

   87 sentenciaDeIteracion: FOR . '(' opcionExpresion ';' opcionExpresion ';' opcionExpresion ')' sentencia

    '('  desplazar e ir al estado 60


estado 17

   88 sentenciaDeSalto: RETURN . opcionExpresion ';'

    CONSTANTE_ENTERA     desplazar e ir al estado 4
    CONSTANTE_REAL       desplazar e ir al estado 5
    CONSTANTE_CARACTER   desplazar e ir al estado 6
    IDENTIFICADOR        desplazar e ir al estado 7
    LITERAL_CADENA       desplazar e ir al estado 8
    OPERADOR_INCREMENTO  desplazar e ir al estado 9
    SIZE_OF              desplazar e ir al estado 10
    '-'                  desplazar e ir al estado 18
    '*'                  desplazar e ir al estado 19
    '('                  desplazar e ir al estado 20
    '&'                  desplazar e ir al estado 21
    '!'                  desplazar e ir al estado 22

    $default  reduce usando la regla 89 (opcionExpresion)

    expresion          ir al estado 61
    expAsignacion      ir al estado 27
    expCondicional     ir al estado 28
    expOr              ir al estado 29
    expAnd             ir al estado 30
    expIgualdad        ir al estado 31
    expRelacional      ir al estado 32
    expAditiva         ir al estado 33
    expMultiplicativa  ir al estado 34
    expUnaria          ir al estado 35
    operUnario         ir al estado 36
    expPostfijo        ir al estado 37
    expPrimaria        ir al estado 38
    constante          ir al estado 39
    opcionExpresion    ir al estado 62


estado 18

   33 operUnario: '-' .

    $default  reduce usando la regla 33 (operUnario)


estado 19

   31 operUnario: '*' .

    $default  reduce usando la regla 31 (operUnario)


estado 20

   44 expPrimaria: '(' . expresion ')'

    CONSTANTE_ENTERA     desplazar e ir al estado 4
    CONSTANTE_REAL       desplazar e ir al estado 5
    CONSTANTE_CARACTER   desplazar e ir al estado 6
    IDENTIFICADOR        desplazar e ir al estado 7
    LITERAL_CADENA       desplazar e ir al estado 8
    OPERADOR_INCREMENTO  desplazar e ir al estado 9
    SIZE_OF              desplazar e ir al estado 10
    '-'                  desplazar e ir al estado 18
    '*'                  desplazar e ir al estado 19
    '('                  desplazar e ir al estado 20
    '&'                  desplazar e ir al estado 21
    '!'                  desplazar e ir al estado 22

    expresion          ir al estado 63
    expAsignacion      ir al estado 27
    expCondicional     ir al estado 28
    expOr              ir al estado 29
    expAnd             ir al estado 30
    expIgualdad        ir al estado 31
    expRelacional      ir al estado 32
    expAditiva         ir al estado 33
    expMultiplicativa  ir al estado 34
    expUnaria          ir al estado 35
    operUnario         ir al estado 36
    expPostfijo        ir al estado 37
    expPrimaria        ir al estado 38
    constante          ir al estado 39


estado 21

   32 operUnario: '&' .

    $default  reduce usando la regla 32 (operUnario)


estado 22

   34 operUnario: '!' .

    $default  reduce usando la regla 34 (operUnario)


estado 23

   80 sentenciaExpresion: ';' .

    $default  reduce usando la regla 80 (sentenciaExpresion)


estado 24

   71 sentenciaCompuesta: '{' . opcionListaDeclaraciones opcionListaSentencias '}'

    TIPO_DATO  desplazar e ir al estado 11

    TIPO_DATO  [reduce usando la regla 72 (opcionListaDeclaraciones)]
    $default   reduce usando la regla 72 (opcionListaDeclaraciones)

    declaracion                  ir al estado 64
    declaracionVariablesSimples  ir al estado 41
    declaracionFunciones         ir al estado 42
    definicionFunciones          ir al estado 43
    opcionListaDeclaraciones     ir al estado 65


estado 25

    2 input: input line .

    $default  reduce usando la regla 2 (input)


estado 26

   81 sentenciaExpresion: expresion . ';'

    ';'  desplazar e ir al estado 66


estado 27

    6 expresion: expAsignacion .

    $default  reduce usando la regla 6 (expresion)


estado 28

    7 expAsignacion: expCondicional .

    $default  reduce usando la regla 7 (expAsignacion)


estado 29

    9 expCondicional: expOr .
   10               | expOr . '?' expresion ':' expCondicional
   12 expOr: expOr . OPERADOR_O_LOGICO expAnd

    OPERADOR_O_LOGICO  desplazar e ir al estado 67
    '?'                desplazar e ir al estado 68

    $default  reduce usando la regla 9 (expCondicional)


estado 30

   11 expOr: expAnd .
   14 expAnd: expAnd . OPERADOR_Y_LOGICO expIgualdad

    OPERADOR_Y_LOGICO  desplazar e ir al estado 69

    $default  reduce usando la regla 11 (expOr)


estado 31

   13 expAnd: expIgualdad .
   16 expIgualdad: expIgualdad . COMPARADOR_IGUALDAD expRelacional

    COMPARADOR_IGUALDAD  desplazar e ir al estado 70

    $default  reduce usando la regla 13 (expAnd)


estado 32

   15 expIgualdad: expRelacional .
   18 expRelacional: expRelacional . OPERADOR_RELACION expAditiva

    OPERADOR_RELACION  desplazar e ir al estado 71

    $default  reduce usando la regla 15 (expIgualdad)


estado 33

   17 expRelacional: expAditiva .
   20 expAditiva: expAditiva . operAditivo expMultiplicativa

    '+'  desplazar e ir al estado 72
    '-'  desplazar e ir al estado 73

    $default  reduce usando la regla 17 (expRelacional)

    operAditivo  ir al estado 74


estado 34

   19 expAditiva: expMultiplicativa .
   24 expMultiplicativa: expMultiplicativa . operMultiplicativo expUnaria

    '*'  desplazar e ir al estado 75
    '/'  desplazar e ir al estado 76

    $default  reduce usando la regla 19 (expAditiva)

    operMultiplicativo  ir al estado 77


estado 35

    8 expAsignacion: expUnaria . OPERADOR_ASIGNACION expAsignacion
   23 expMultiplicativa: expUnaria .

    OPERADOR_ASIGNACION  desplazar e ir al estado 78

    $default  reduce usando la regla 23 (expMultiplicativa)


estado 36

   29 expUnaria: operUnario . expUnaria

    CONSTANTE_ENTERA     desplazar e ir al estado 4
    CONSTANTE_REAL       desplazar e ir al estado 5
    CONSTANTE_CARACTER   desplazar e ir al estado 6
    IDENTIFICADOR        desplazar e ir al estado 7
    LITERAL_CADENA       desplazar e ir al estado 8
    OPERADOR_INCREMENTO  desplazar e ir al estado 9
    SIZE_OF              desplazar e ir al estado 10
    '-'                  desplazar e ir al estado 18
    '*'                  desplazar e ir al estado 19
    '('                  desplazar e ir al estado 20
    '&'                  desplazar e ir al estado 21
    '!'                  desplazar e ir al estado 22

    expUnaria    ir al estado 79
    operUnario   ir al estado 36
    expPostfijo  ir al estado 37
    expPrimaria  ir al estado 38
    constante    ir al estado 39


estado 37

   27 expUnaria: expPostfijo .
   36 expPostfijo: expPostfijo . '[' expresion ']'
   37            | expPostfijo . '(' opcionListaArgumentos ')'

    '('  desplazar e ir al estado 80
    '['  desplazar e ir al estado 81

    $default  reduce usando la regla 27 (expUnaria)


estado 38

   35 expPostfijo: expPrimaria .

    $default  reduce usando la regla 35 (expPostfijo)


estado 39

   42 expPrimaria: constante .

    $default  reduce usando la regla 42 (expPrimaria)


estado 40

    3 line: declaracion . '\n'

    '\n'  desplazar e ir al estado 82


estado 41

   48 declaracion: declaracionVariablesSimples .

    $default  reduce usando la regla 48 (declaracion)


estado 42

   49 declaracion: declaracionFunciones .

    $default  reduce usando la regla 49 (declaracion)


estado 43

   50 declaracion: definicionFunciones .

    $default  reduce usando la regla 50 (declaracion)


estado 44

    4 line: sentencia . '\n'

    '\n'  desplazar e ir al estado 83


estado 45

   67 sentencia: sentenciaCompuesta .

    $default  reduce usando la regla 67 (sentencia)


estado 46

   66 sentencia: sentenciaExpresion .

    $default  reduce usando la regla 66 (sentencia)


estado 47

   68 sentencia: sentenciaDeSeleccion .

    $default  reduce usando la regla 68 (sentencia)


estado 48

   69 sentencia: sentenciaDeIteracion .

    $default  reduce usando la regla 69 (sentencia)


estado 49

   70 sentencia: sentenciaDeSalto .

    $default  reduce usando la regla 70 (sentencia)


estado 50

    5 line: error '\n' .

    $default  reduce usando la regla 5 (line)


estado 51

   28 expUnaria: OPERADOR_INCREMENTO expUnaria .

    $default  reduce usando la regla 28 (expUnaria)


estado 52

   30 expUnaria: SIZE_OF '(' . TIPO_DATO ')'

    TIPO_DATO  desplazar e ir al estado 84


estado 53

   54 variableSimple: IDENTIFICADOR . opcionInicializacion
   57 declaracionFunciones: TIPO_DATO IDENTIFICADOR . '(' opcionArgumentosConTipo ')' ';'
   65 definicionFunciones: TIPO_DATO IDENTIFICADOR . '(' opcionArgumentosConTipo ')' sentencia

    OPERADOR_ASIGNACION  desplazar e ir al estado 85
    '('                  desplazar e ir al estado 86

    $default  reduce usando la regla 55 (opcionInicializacion)

    opcionInicializacion  ir al estado 87


estado 54

   51 declaracionVariablesSimples: TIPO_DATO listaVariablesSimples . ';'
   53 listaVariablesSimples: listaVariablesSimples . ',' variableSimple

    ','  desplazar e ir al estado 88
    ';'  desplazar e ir al estado 89


estado 55

   52 listaVariablesSimples: variableSimple .

    $default  reduce usando la regla 52 (listaVariablesSimples)


estado 56

   82 sentenciaDeSeleccion: IF '(' . expresion ')' sentencia
   83                     | IF '(' . expresion ')' sentencia ELSE sentencia

    CONSTANTE_ENTERA     desplazar e ir al estado 4
    CONSTANTE_REAL       desplazar e ir al estado 5
    CONSTANTE_CARACTER   desplazar e ir al estado 6
    IDENTIFICADOR        desplazar e ir al estado 7
    LITERAL_CADENA       desplazar e ir al estado 8
    OPERADOR_INCREMENTO  desplazar e ir al estado 9
    SIZE_OF              desplazar e ir al estado 10
    '-'                  desplazar e ir al estado 18
    '*'                  desplazar e ir al estado 19
    '('                  desplazar e ir al estado 20
    '&'                  desplazar e ir al estado 21
    '!'                  desplazar e ir al estado 22

    expresion          ir al estado 90
    expAsignacion      ir al estado 27
    expCondicional     ir al estado 28
    expOr              ir al estado 29
    expAnd             ir al estado 30
    expIgualdad        ir al estado 31
    expRelacional      ir al estado 32
    expAditiva         ir al estado 33
    expMultiplicativa  ir al estado 34
    expUnaria          ir al estado 35
    operUnario         ir al estado 36
    expPostfijo        ir al estado 37
    expPrimaria        ir al estado 38
    constante          ir al estado 39


estado 57

   84 sentenciaDeSeleccion: SWITCH '(' . expresion ')' sentencia

    CONSTANTE_ENTERA     desplazar e ir al estado 4
    CONSTANTE_REAL       desplazar e ir al estado 5
    CONSTANTE_CARACTER   desplazar e ir al estado 6
    IDENTIFICADOR        desplazar e ir al estado 7
    LITERAL_CADENA       desplazar e ir al estado 8
    OPERADOR_INCREMENTO  desplazar e ir al estado 9
    SIZE_OF              desplazar e ir al estado 10
    '-'                  desplazar e ir al estado 18
    '*'                  desplazar e ir al estado 19
    '('                  desplazar e ir al estado 20
    '&'                  desplazar e ir al estado 21
    '!'                  desplazar e ir al estado 22

    expresion          ir al estado 91
    expAsignacion      ir al estado 27
    expCondicional     ir al estado 28
    expOr              ir al estado 29
    expAnd             ir al estado 30
    expIgualdad        ir al estado 31
    expRelacional      ir al estado 32
    expAditiva         ir al estado 33
    expMultiplicativa  ir al estado 34
    expUnaria          ir al estado 35
    operUnario         ir al estado 36
    expPostfijo        ir al estado 37
    expPrimaria        ir al estado 38
    constante          ir al estado 39


estado 58

   85 sentenciaDeIteracion: WHILE '(' . expresion ')' sentencia

    CONSTANTE_ENTERA     desplazar e ir al estado 4
    CONSTANTE_REAL       desplazar e ir al estado 5
    CONSTANTE_CARACTER   desplazar e ir al estado 6
    IDENTIFICADOR        desplazar e ir al estado 7
    LITERAL_CADENA       desplazar e ir al estado 8
    OPERADOR_INCREMENTO  desplazar e ir al estado 9
    SIZE_OF              desplazar e ir al estado 10
    '-'                  desplazar e ir al estado 18
    '*'                  desplazar e ir al estado 19
    '('                  desplazar e ir al estado 20
    '&'                  desplazar e ir al estado 21
    '!'                  desplazar e ir al estado 22

    expresion          ir al estado 92
    expAsignacion      ir al estado 27
    expCondicional     ir al estado 28
    expOr              ir al estado 29
    expAnd             ir al estado 30
    expIgualdad        ir al estado 31
    expRelacional      ir al estado 32
    expAditiva         ir al estado 33
    expMultiplicativa  ir al estado 34
    expUnaria          ir al estado 35
    operUnario         ir al estado 36
    expPostfijo        ir al estado 37
    expPrimaria        ir al estado 38
    constante          ir al estado 39


estado 59

   86 sentenciaDeIteracion: DO sentencia . WHILE '(' expresion ')' ';'

    WHILE  desplazar e ir al estado 93


estado 60

   87 sentenciaDeIteracion: FOR '(' . opcionExpresion ';' opcionExpresion ';' opcionExpresion ')' sentencia

    CONSTANTE_ENTERA     desplazar e ir al estado 4
    CONSTANTE_REAL       desplazar e ir al estado 5
    CONSTANTE_CARACTER   desplazar e ir al estado 6
    IDENTIFICADOR        desplazar e ir al estado 7
    LITERAL_CADENA       desplazar e ir al estado 8
    OPERADOR_INCREMENTO  desplazar e ir al estado 9
    SIZE_OF              desplazar e ir al estado 10
    '-'                  desplazar e ir al estado 18
    '*'                  desplazar e ir al estado 19
    '('                  desplazar e ir al estado 20
    '&'                  desplazar e ir al estado 21
    '!'                  desplazar e ir al estado 22

    $default  reduce usando la regla 89 (opcionExpresion)

    expresion          ir al estado 61
    expAsignacion      ir al estado 27
    expCondicional     ir al estado 28
    expOr              ir al estado 29
    expAnd             ir al estado 30
    expIgualdad        ir al estado 31
    expRelacional      ir al estado 32
    expAditiva         ir al estado 33
    expMultiplicativa  ir al estado 34
    expUnaria          ir al estado 35
    operUnario         ir al estado 36
    expPostfijo        ir al estado 37
    expPrimaria        ir al estado 38
    constante          ir al estado 39
    opcionExpresion    ir al estado 94


estado 61

   90 opcionExpresion: expresion .

    $default  reduce usando la regla 90 (opcionExpresion)


estado 62

   88 sentenciaDeSalto: RETURN opcionExpresion . ';'

    ';'  desplazar e ir al estado 95


estado 63

   44 expPrimaria: '(' expresion . ')'

    ')'  desplazar e ir al estado 96


estado 64

   73 opcionListaDeclaraciones: declaracion .

    $default  reduce usando la regla 73 (opcionListaDeclaraciones)


estado 65

   71 sentenciaCompuesta: '{' opcionListaDeclaraciones . opcionListaSentencias '}'
   74 opcionListaDeclaraciones: opcionListaDeclaraciones . declaracion

    CONSTANTE_ENTERA     desplazar e ir al estado 4
    CONSTANTE_REAL       desplazar e ir al estado 5
    CONSTANTE_CARACTER   desplazar e ir al estado 6
    IDENTIFICADOR        desplazar e ir al estado 7
    LITERAL_CADENA       desplazar e ir al estado 8
    OPERADOR_INCREMENTO  desplazar e ir al estado 9
    SIZE_OF              desplazar e ir al estado 10
    TIPO_DATO            desplazar e ir al estado 11
    IF                   desplazar e ir al estado 12
    SWITCH               desplazar e ir al estado 13
    WHILE                desplazar e ir al estado 14
    DO                   desplazar e ir al estado 15
    FOR                  desplazar e ir al estado 16
    RETURN               desplazar e ir al estado 17
    '-'                  desplazar e ir al estado 18
    '*'                  desplazar e ir al estado 19
    '('                  desplazar e ir al estado 20
    '&'                  desplazar e ir al estado 21
    '!'                  desplazar e ir al estado 22
    ';'                  desplazar e ir al estado 23
    '{'                  desplazar e ir al estado 24

    $default  reduce usando la regla 77 (opcionListaSentencias)

    expresion                    ir al estado 26
    expAsignacion                ir al estado 27
    expCondicional               ir al estado 28
    expOr                        ir al estado 29
    expAnd                       ir al estado 30
    expIgualdad                  ir al estado 31
    expRelacional                ir al estado 32
    expAditiva                   ir al estado 33
    expMultiplicativa            ir al estado 34
    expUnaria                    ir al estado 35
    operUnario                   ir al estado 36
    expPostfijo                  ir al estado 37
    expPrimaria                  ir al estado 38
    constante                    ir al estado 39
    declaracion                  ir al estado 97
    declaracionVariablesSimples  ir al estado 41
    declaracionFunciones         ir al estado 42
    definicionFunciones          ir al estado 43
    sentencia                    ir al estado 98
    sentenciaCompuesta           ir al estado 45
    listaSentencias              ir al estado 99
    opcionListaSentencias        ir al estado 100
    sentenciaExpresion           ir al estado 46
    sentenciaDeSeleccion         ir al estado 47
    sentenciaDeIteracion         ir al estado 48
    sentenciaDeSalto             ir al estado 49


estado 66

   81 sentenciaExpresion: expresion ';' .

    $default  reduce usando la regla 81 (sentenciaExpresion)


estado 67

   12 expOr: expOr OPERADOR_O_LOGICO . expAnd

    CONSTANTE_ENTERA     desplazar e ir al estado 4
    CONSTANTE_REAL       desplazar e ir al estado 5
    CONSTANTE_CARACTER   desplazar e ir al estado 6
    IDENTIFICADOR        desplazar e ir al estado 7
    LITERAL_CADENA       desplazar e ir al estado 8
    OPERADOR_INCREMENTO  desplazar e ir al estado 9
    SIZE_OF              desplazar e ir al estado 10
    '-'                  desplazar e ir al estado 18
    '*'                  desplazar e ir al estado 19
    '('                  desplazar e ir al estado 20
    '&'                  desplazar e ir al estado 21
    '!'                  desplazar e ir al estado 22

    expAnd             ir al estado 101
    expIgualdad        ir al estado 31
    expRelacional      ir al estado 32
    expAditiva         ir al estado 33
    expMultiplicativa  ir al estado 34
    expUnaria          ir al estado 102
    operUnario         ir al estado 36
    expPostfijo        ir al estado 37
    expPrimaria        ir al estado 38
    constante          ir al estado 39


estado 68

   10 expCondicional: expOr '?' . expresion ':' expCondicional

    CONSTANTE_ENTERA     desplazar e ir al estado 4
    CONSTANTE_REAL       desplazar e ir al estado 5
    CONSTANTE_CARACTER   desplazar e ir al estado 6
    IDENTIFICADOR        desplazar e ir al estado 7
    LITERAL_CADENA       desplazar e ir al estado 8
    OPERADOR_INCREMENTO  desplazar e ir al estado 9
    SIZE_OF              desplazar e ir al estado 10
    '-'                  desplazar e ir al estado 18
    '*'                  desplazar e ir al estado 19
    '('                  desplazar e ir al estado 20
    '&'                  desplazar e ir al estado 21
    '!'                  desplazar e ir al estado 22

    expresion          ir al estado 103
    expAsignacion      ir al estado 27
    expCondicional     ir al estado 28
    expOr              ir al estado 29
    expAnd             ir al estado 30
    expIgualdad        ir al estado 31
    expRelacional      ir al estado 32
    expAditiva         ir al estado 33
    expMultiplicativa  ir al estado 34
    expUnaria          ir al estado 35
    operUnario         ir al estado 36
    expPostfijo        ir al estado 37
    expPrimaria        ir al estado 38
    constante          ir al estado 39


estado 69

   14 expAnd: expAnd OPERADOR_Y_LOGICO . expIgualdad

    CONSTANTE_ENTERA     desplazar e ir al estado 4
    CONSTANTE_REAL       desplazar e ir al estado 5
    CONSTANTE_CARACTER   desplazar e ir al estado 6
    IDENTIFICADOR        desplazar e ir al estado 7
    LITERAL_CADENA       desplazar e ir al estado 8
    OPERADOR_INCREMENTO  desplazar e ir al estado 9
    SIZE_OF              desplazar e ir al estado 10
    '-'                  desplazar e ir al estado 18
    '*'                  desplazar e ir al estado 19
    '('                  desplazar e ir al estado 20
    '&'                  desplazar e ir al estado 21
    '!'                  desplazar e ir al estado 22

    expIgualdad        ir al estado 104
    expRelacional      ir al estado 32
    expAditiva         ir al estado 33
    expMultiplicativa  ir al estado 34
    expUnaria          ir al estado 102
    operUnario         ir al estado 36
    expPostfijo        ir al estado 37
    expPrimaria        ir al estado 38
    constante          ir al estado 39


estado 70

   16 expIgualdad: expIgualdad COMPARADOR_IGUALDAD . expRelacional

    CONSTANTE_ENTERA     desplazar e ir al estado 4
    CONSTANTE_REAL       desplazar e ir al estado 5
    CONSTANTE_CARACTER   desplazar e ir al estado 6
    IDENTIFICADOR        desplazar e ir al estado 7
    LITERAL_CADENA       desplazar e ir al estado 8
    OPERADOR_INCREMENTO  desplazar e ir al estado 9
    SIZE_OF              desplazar e ir al estado 10
    '-'                  desplazar e ir al estado 18
    '*'                  desplazar e ir al estado 19
    '('                  desplazar e ir al estado 20
    '&'                  desplazar e ir al estado 21
    '!'                  desplazar e ir al estado 22

    expRelacional      ir al estado 105
    expAditiva         ir al estado 33
    expMultiplicativa  ir al estado 34
    expUnaria          ir al estado 102
    operUnario         ir al estado 36
    expPostfijo        ir al estado 37
    expPrimaria        ir al estado 38
    constante          ir al estado 39


estado 71

   18 expRelacional: expRelacional OPERADOR_RELACION . expAditiva

    CONSTANTE_ENTERA     desplazar e ir al estado 4
    CONSTANTE_REAL       desplazar e ir al estado 5
    CONSTANTE_CARACTER   desplazar e ir al estado 6
    IDENTIFICADOR        desplazar e ir al estado 7
    LITERAL_CADENA       desplazar e ir al estado 8
    OPERADOR_INCREMENTO  desplazar e ir al estado 9
    SIZE_OF              desplazar e ir al estado 10
    '-'                  desplazar e ir al estado 18
    '*'                  desplazar e ir al estado 19
    '('                  desplazar e ir al estado 20
    '&'                  desplazar e ir al estado 21
    '!'                  desplazar e ir al estado 22

    expAditiva         ir al estado 106
    expMultiplicativa  ir al estado 34
    expUnaria          ir al estado 102
    operUnario         ir al estado 36
    expPostfijo        ir al estado 37
    expPrimaria        ir al estado 38
    constante          ir al estado 39


estado 72

   21 operAditivo: '+' .

    $default  reduce usando la regla 21 (operAditivo)


estado 73

   22 operAditivo: '-' .

    $default  reduce usando la regla 22 (operAditivo)


estado 74

   20 expAditiva: expAditiva operAditivo . expMultiplicativa

    CONSTANTE_ENTERA     desplazar e ir al estado 4
    CONSTANTE_REAL       desplazar e ir al estado 5
    CONSTANTE_CARACTER   desplazar e ir al estado 6
    IDENTIFICADOR        desplazar e ir al estado 7
    LITERAL_CADENA       desplazar e ir al estado 8
    OPERADOR_INCREMENTO  desplazar e ir al estado 9
    SIZE_OF              desplazar e ir al estado 10
    '-'                  desplazar e ir al estado 18
    '*'                  desplazar e ir al estado 19
    '('                  desplazar e ir al estado 20
    '&'                  desplazar e ir al estado 21
    '!'                  desplazar e ir al estado 22

    expMultiplicativa  ir al estado 107
    expUnaria          ir al estado 102
    operUnario         ir al estado 36
    expPostfijo        ir al estado 37
    expPrimaria        ir al estado 38
    constante          ir al estado 39


estado 75

   25 operMultiplicativo: '*' .

    $default  reduce usando la regla 25 (operMultiplicativo)


estado 76

   26 operMultiplicativo: '/' .

    $default  reduce usando la regla 26 (operMultiplicativo)


estado 77

   24 expMultiplicativa: expMultiplicativa operMultiplicativo . expUnaria

    CONSTANTE_ENTERA     desplazar e ir al estado 4
    CONSTANTE_REAL       desplazar e ir al estado 5
    CONSTANTE_CARACTER   desplazar e ir al estado 6
    IDENTIFICADOR        desplazar e ir al estado 7
    LITERAL_CADENA       desplazar e ir al estado 8
    OPERADOR_INCREMENTO  desplazar e ir al estado 9
    SIZE_OF              desplazar e ir al estado 10
    '-'                  desplazar e ir al estado 18
    '*'                  desplazar e ir al estado 19
    '('                  desplazar e ir al estado 20
    '&'                  desplazar e ir al estado 21
    '!'                  desplazar e ir al estado 22

    expUnaria    ir al estado 108
    operUnario   ir al estado 36
    expPostfijo  ir al estado 37
    expPrimaria  ir al estado 38
    constante    ir al estado 39


estado 78

    8 expAsignacion: expUnaria OPERADOR_ASIGNACION . expAsignacion

    CONSTANTE_ENTERA     desplazar e ir al estado 4
    CONSTANTE_REAL       desplazar e ir al estado 5
    CONSTANTE_CARACTER   desplazar e ir al estado 6
    IDENTIFICADOR        desplazar e ir al estado 7
    LITERAL_CADENA       desplazar e ir al estado 8
    OPERADOR_INCREMENTO  desplazar e ir al estado 9
    SIZE_OF              desplazar e ir al estado 10
    '-'                  desplazar e ir al estado 18
    '*'                  desplazar e ir al estado 19
    '('                  desplazar e ir al estado 20
    '&'                  desplazar e ir al estado 21
    '!'                  desplazar e ir al estado 22

    expAsignacion      ir al estado 109
    expCondicional     ir al estado 28
    expOr              ir al estado 29
    expAnd             ir al estado 30
    expIgualdad        ir al estado 31
    expRelacional      ir al estado 32
    expAditiva         ir al estado 33
    expMultiplicativa  ir al estado 34
    expUnaria          ir al estado 35
    operUnario         ir al estado 36
    expPostfijo        ir al estado 37
    expPrimaria        ir al estado 38
    constante          ir al estado 39


estado 79

   29 expUnaria: operUnario expUnaria .

    $default  reduce usando la regla 29 (expUnaria)


estado 80

   37 expPostfijo: expPostfijo '(' . opcionListaArgumentos ')'

    CONSTANTE_ENTERA     desplazar e ir al estado 4
    CONSTANTE_REAL       desplazar e ir al estado 5
    CONSTANTE_CARACTER   desplazar e ir al estado 6
    IDENTIFICADOR        desplazar e ir al estado 7
    LITERAL_CADENA       desplazar e ir al estado 8
    OPERADOR_INCREMENTO  desplazar e ir al estado 9
    SIZE_OF              desplazar e ir al estado 10
    '-'                  desplazar e ir al estado 18
    '*'                  desplazar e ir al estado 19
    '('                  desplazar e ir al estado 20
    '&'                  desplazar e ir al estado 21
    '!'                  desplazar e ir al estado 22

    $default  reduce usando la regla 38 (opcionListaArgumentos)

    expAsignacion          ir al estado 110
    expCondicional         ir al estado 28
    expOr                  ir al estado 29
    expAnd                 ir al estado 30
    expIgualdad            ir al estado 31
    expRelacional          ir al estado 32
    expAditiva             ir al estado 33
    expMultiplicativa      ir al estado 34
    expUnaria              ir al estado 35
    operUnario             ir al estado 36
    expPostfijo            ir al estado 37
    opcionListaArgumentos  ir al estado 111
    expPrimaria            ir al estado 38
    constante              ir al estado 39


estado 81

   36 expPostfijo: expPostfijo '[' . expresion ']'

    CONSTANTE_ENTERA     desplazar e ir al estado 4
    CONSTANTE_REAL       desplazar e ir al estado 5
    CONSTANTE_CARACTER   desplazar e ir al estado 6
    IDENTIFICADOR        desplazar e ir al estado 7
    LITERAL_CADENA       desplazar e ir al estado 8
    OPERADOR_INCREMENTO  desplazar e ir al estado 9
    SIZE_OF              desplazar e ir al estado 10
    '-'                  desplazar e ir al estado 18
    '*'                  desplazar e ir al estado 19
    '('                  desplazar e ir al estado 20
    '&'                  desplazar e ir al estado 21
    '!'                  desplazar e ir al estado 22

    expresion          ir al estado 112
    expAsignacion      ir al estado 27
    expCondicional     ir al estado 28
    expOr              ir al estado 29
    expAnd             ir al estado 30
    expIgualdad        ir al estado 31
    expRelacional      ir al estado 32
    expAditiva         ir al estado 33
    expMultiplicativa  ir al estado 34
    expUnaria          ir al estado 35
    operUnario         ir al estado 36
    expPostfijo        ir al estado 37
    expPrimaria        ir al estado 38
    constante          ir al estado 39


estado 82

    3 line: declaracion '\n' .

    $default  reduce usando la regla 3 (line)


estado 83

    4 line: sentencia '\n' .

    $default  reduce usando la regla 4 (line)


estado 84

   30 expUnaria: SIZE_OF '(' TIPO_DATO . ')'

    ')'  desplazar e ir al estado 113


estado 85

   56 opcionInicializacion: OPERADOR_ASIGNACION . expCondicional

    CONSTANTE_ENTERA     desplazar e ir al estado 4
    CONSTANTE_REAL       desplazar e ir al estado 5
    CONSTANTE_CARACTER   desplazar e ir al estado 6
    IDENTIFICADOR        desplazar e ir al estado 7
    LITERAL_CADENA       desplazar e ir al estado 8
    OPERADOR_INCREMENTO  desplazar e ir al estado 9
    SIZE_OF              desplazar e ir al estado 10
    '-'                  desplazar e ir al estado 18
    '*'                  desplazar e ir al estado 19
    '('                  desplazar e ir al estado 20
    '&'                  desplazar e ir al estado 21
    '!'                  desplazar e ir al estado 22

    expCondicional     ir al estado 114
    expOr              ir al estado 29
    expAnd             ir al estado 30
    expIgualdad        ir al estado 31
    expRelacional      ir al estado 32
    expAditiva         ir al estado 33
    expMultiplicativa  ir al estado 34
    expUnaria          ir al estado 102
    operUnario         ir al estado 36
    expPostfijo        ir al estado 37
    expPrimaria        ir al estado 38
    constante          ir al estado 39


estado 86

   57 declaracionFunciones: TIPO_DATO IDENTIFICADOR '(' . opcionArgumentosConTipo ')' ';'
   65 definicionFunciones: TIPO_DATO IDENTIFICADOR '(' . opcionArgumentosConTipo ')' sentencia

    TIPO_DATO  desplazar e ir al estado 115

    $default  reduce usando la regla 58 (opcionArgumentosConTipo)

    opcionArgumentosConTipo  ir al estado 116


estado 87

   54 variableSimple: IDENTIFICADOR opcionInicializacion .

    $default  reduce usando la regla 54 (variableSimple)


estado 88

   53 listaVariablesSimples: listaVariablesSimples ',' . variableSimple

    IDENTIFICADOR  desplazar e ir al estado 117

    variableSimple  ir al estado 118


estado 89

   51 declaracionVariablesSimples: TIPO_DATO listaVariablesSimples ';' .

    $default  reduce usando la regla 51 (declaracionVariablesSimples)


estado 90

   82 sentenciaDeSeleccion: IF '(' expresion . ')' sentencia
   83                     | IF '(' expresion . ')' sentencia ELSE sentencia

    ')'  desplazar e ir al estado 119


estado 91

   84 sentenciaDeSeleccion: SWITCH '(' expresion . ')' sentencia

    ')'  desplazar e ir al estado 120


estado 92

   85 sentenciaDeIteracion: WHILE '(' expresion . ')' sentencia

    ')'  desplazar e ir al estado 121


estado 93

   86 sentenciaDeIteracion: DO sentencia WHILE . '(' expresion ')' ';'

    '('  desplazar e ir al estado 122


estado 94

   87 sentenciaDeIteracion: FOR '(' opcionExpresion . ';' opcionExpresion ';' opcionExpresion ')' sentencia

    ';'  desplazar e ir al estado 123


estado 95

   88 sentenciaDeSalto: RETURN opcionExpresion ';' .

    $default  reduce usando la regla 88 (sentenciaDeSalto)


estado 96

   44 expPrimaria: '(' expresion ')' .

    $default  reduce usando la regla 44 (expPrimaria)


estado 97

   74 opcionListaDeclaraciones: opcionListaDeclaraciones declaracion .

    $default  reduce usando la regla 74 (opcionListaDeclaraciones)


estado 98

   75 listaSentencias: sentencia .
   78 opcionListaSentencias: sentencia .

    '}'       reduce usando la regla 78 (opcionListaSentencias)
    $default  reduce usando la regla 75 (listaSentencias)


estado 99

   76 listaSentencias: listaSentencias . sentencia
   79 opcionListaSentencias: listaSentencias . sentencia

    CONSTANTE_ENTERA     desplazar e ir al estado 4
    CONSTANTE_REAL       desplazar e ir al estado 5
    CONSTANTE_CARACTER   desplazar e ir al estado 6
    IDENTIFICADOR        desplazar e ir al estado 7
    LITERAL_CADENA       desplazar e ir al estado 8
    OPERADOR_INCREMENTO  desplazar e ir al estado 9
    SIZE_OF              desplazar e ir al estado 10
    IF                   desplazar e ir al estado 12
    SWITCH               desplazar e ir al estado 13
    WHILE                desplazar e ir al estado 14
    DO                   desplazar e ir al estado 15
    FOR                  desplazar e ir al estado 16
    RETURN               desplazar e ir al estado 17
    '-'                  desplazar e ir al estado 18
    '*'                  desplazar e ir al estado 19
    '('                  desplazar e ir al estado 20
    '&'                  desplazar e ir al estado 21
    '!'                  desplazar e ir al estado 22
    ';'                  desplazar e ir al estado 23
    '{'                  desplazar e ir al estado 24

    expresion             ir al estado 26
    expAsignacion         ir al estado 27
    expCondicional        ir al estado 28
    expOr                 ir al estado 29
    expAnd                ir al estado 30
    expIgualdad           ir al estado 31
    expRelacional         ir al estado 32
    expAditiva            ir al estado 33
    expMultiplicativa     ir al estado 34
    expUnaria             ir al estado 35
    operUnario            ir al estado 36
    expPostfijo           ir al estado 37
    expPrimaria           ir al estado 38
    constante             ir al estado 39
    sentencia             ir al estado 124
    sentenciaCompuesta    ir al estado 45
    sentenciaExpresion    ir al estado 46
    sentenciaDeSeleccion  ir al estado 47
    sentenciaDeIteracion  ir al estado 48
    sentenciaDeSalto      ir al estado 49


estado 100

   71 sentenciaCompuesta: '{' opcionListaDeclaraciones opcionListaSentencias . '}'

    '}'  desplazar e ir al estado 125


estado 101

   12 expOr: expOr OPERADOR_O_LOGICO expAnd .
   14 expAnd: expAnd . OPERADOR_Y_LOGICO expIgualdad

    OPERADOR_Y_LOGICO  desplazar e ir al estado 69

    $default  reduce usando la regla 12 (expOr)


estado 102

   23 expMultiplicativa: expUnaria .

    $default  reduce usando la regla 23 (expMultiplicativa)


estado 103

   10 expCondicional: expOr '?' expresion . ':' expCondicional

    ':'  desplazar e ir al estado 126


estado 104

   14 expAnd: expAnd OPERADOR_Y_LOGICO expIgualdad .
   16 expIgualdad: expIgualdad . COMPARADOR_IGUALDAD expRelacional

    COMPARADOR_IGUALDAD  desplazar e ir al estado 70

    $default  reduce usando la regla 14 (expAnd)


estado 105

   16 expIgualdad: expIgualdad COMPARADOR_IGUALDAD expRelacional .
   18 expRelacional: expRelacional . OPERADOR_RELACION expAditiva

    OPERADOR_RELACION  desplazar e ir al estado 71

    $default  reduce usando la regla 16 (expIgualdad)


estado 106

   18 expRelacional: expRelacional OPERADOR_RELACION expAditiva .
   20 expAditiva: expAditiva . operAditivo expMultiplicativa

    '+'  desplazar e ir al estado 72
    '-'  desplazar e ir al estado 73

    $default  reduce usando la regla 18 (expRelacional)

    operAditivo  ir al estado 74


estado 107

   20 expAditiva: expAditiva operAditivo expMultiplicativa .
   24 expMultiplicativa: expMultiplicativa . operMultiplicativo expUnaria

    '*'  desplazar e ir al estado 75
    '/'  desplazar e ir al estado 76

    $default  reduce usando la regla 20 (expAditiva)

    operMultiplicativo  ir al estado 77


estado 108

   24 expMultiplicativa: expMultiplicativa operMultiplicativo expUnaria .

    $default  reduce usando la regla 24 (expMultiplicativa)


estado 109

    8 expAsignacion: expUnaria OPERADOR_ASIGNACION expAsignacion .

    $default  reduce usando la regla 8 (expAsignacion)


estado 110

   39 opcionListaArgumentos: expAsignacion .

    $default  reduce usando la regla 39 (opcionListaArgumentos)


estado 111

   37 expPostfijo: expPostfijo '(' opcionListaArgumentos . ')'
   40 opcionListaArgumentos: opcionListaArgumentos . ',' expAsignacion

    ')'  desplazar e ir al estado 127
    ','  desplazar e ir al estado 128


estado 112

   36 expPostfijo: expPostfijo '[' expresion . ']'

    ']'  desplazar e ir al estado 129


estado 113

   30 expUnaria: SIZE_OF '(' TIPO_DATO ')' .

    $default  reduce usando la regla 30 (expUnaria)


estado 114

   56 opcionInicializacion: OPERADOR_ASIGNACION expCondicional .

    $default  reduce usando la regla 56 (opcionInicializacion)


estado 115

   59 opcionArgumentosConTipo: TIPO_DATO . opcionReferencia IDENTIFICADOR
   60                        | TIPO_DATO . opcionReferencia IDENTIFICADOR ',' argumentosConTipo

    '&'  desplazar e ir al estado 130

    $default  reduce usando la regla 63 (opcionReferencia)

    opcionReferencia  ir al estado 131


estado 116

   57 declaracionFunciones: TIPO_DATO IDENTIFICADOR '(' opcionArgumentosConTipo . ')' ';'
   65 definicionFunciones: TIPO_DATO IDENTIFICADOR '(' opcionArgumentosConTipo . ')' sentencia

    ')'  desplazar e ir al estado 132


estado 117

   54 variableSimple: IDENTIFICADOR . opcionInicializacion

    OPERADOR_ASIGNACION  desplazar e ir al estado 85

    $default  reduce usando la regla 55 (opcionInicializacion)

    opcionInicializacion  ir al estado 87


estado 118

   53 listaVariablesSimples: listaVariablesSimples ',' variableSimple .

    $default  reduce usando la regla 53 (listaVariablesSimples)


estado 119

   82 sentenciaDeSeleccion: IF '(' expresion ')' . sentencia
   83                     | IF '(' expresion ')' . sentencia ELSE sentencia

    CONSTANTE_ENTERA     desplazar e ir al estado 4
    CONSTANTE_REAL       desplazar e ir al estado 5
    CONSTANTE_CARACTER   desplazar e ir al estado 6
    IDENTIFICADOR        desplazar e ir al estado 7
    LITERAL_CADENA       desplazar e ir al estado 8
    OPERADOR_INCREMENTO  desplazar e ir al estado 9
    SIZE_OF              desplazar e ir al estado 10
    IF                   desplazar e ir al estado 12
    SWITCH               desplazar e ir al estado 13
    WHILE                desplazar e ir al estado 14
    DO                   desplazar e ir al estado 15
    FOR                  desplazar e ir al estado 16
    RETURN               desplazar e ir al estado 17
    '-'                  desplazar e ir al estado 18
    '*'                  desplazar e ir al estado 19
    '('                  desplazar e ir al estado 20
    '&'                  desplazar e ir al estado 21
    '!'                  desplazar e ir al estado 22
    ';'                  desplazar e ir al estado 23
    '{'                  desplazar e ir al estado 24

    expresion             ir al estado 26
    expAsignacion         ir al estado 27
    expCondicional        ir al estado 28
    expOr                 ir al estado 29
    expAnd                ir al estado 30
    expIgualdad           ir al estado 31
    expRelacional         ir al estado 32
    expAditiva            ir al estado 33
    expMultiplicativa     ir al estado 34
    expUnaria             ir al estado 35
    operUnario            ir al estado 36
    expPostfijo           ir al estado 37
    expPrimaria           ir al estado 38
    constante             ir al estado 39
    sentencia             ir al estado 133
    sentenciaCompuesta    ir al estado 45
    sentenciaExpresion    ir al estado 46
    sentenciaDeSeleccion  ir al estado 47
    sentenciaDeIteracion  ir al estado 48
    sentenciaDeSalto      ir al estado 49


estado 120

   84 sentenciaDeSeleccion: SWITCH '(' expresion ')' . sentencia

    CONSTANTE_ENTERA     desplazar e ir al estado 4
    CONSTANTE_REAL       desplazar e ir al estado 5
    CONSTANTE_CARACTER   desplazar e ir al estado 6
    IDENTIFICADOR        desplazar e ir al estado 7
    LITERAL_CADENA       desplazar e ir al estado 8
    OPERADOR_INCREMENTO  desplazar e ir al estado 9
    SIZE_OF              desplazar e ir al estado 10
    IF                   desplazar e ir al estado 12
    SWITCH               desplazar e ir al estado 13
    WHILE                desplazar e ir al estado 14
    DO                   desplazar e ir al estado 15
    FOR                  desplazar e ir al estado 16
    RETURN               desplazar e ir al estado 17
    '-'                  desplazar e ir al estado 18
    '*'                  desplazar e ir al estado 19
    '('                  desplazar e ir al estado 20
    '&'                  desplazar e ir al estado 21
    '!'                  desplazar e ir al estado 22
    ';'                  desplazar e ir al estado 23
    '{'                  desplazar e ir al estado 24

    expresion             ir al estado 26
    expAsignacion         ir al estado 27
    expCondicional        ir al estado 28
    expOr                 ir al estado 29
    expAnd                ir al estado 30
    expIgualdad           ir al estado 31
    expRelacional         ir al estado 32
    expAditiva            ir al estado 33
    expMultiplicativa     ir al estado 34
    expUnaria             ir al estado 35
    operUnario            ir al estado 36
    expPostfijo           ir al estado 37
    expPrimaria           ir al estado 38
    constante             ir al estado 39
    sentencia             ir al estado 134
    sentenciaCompuesta    ir al estado 45
    sentenciaExpresion    ir al estado 46
    sentenciaDeSeleccion  ir al estado 47
    sentenciaDeIteracion  ir al estado 48
    sentenciaDeSalto      ir al estado 49


estado 121

   85 sentenciaDeIteracion: WHILE '(' expresion ')' . sentencia

    CONSTANTE_ENTERA     desplazar e ir al estado 4
    CONSTANTE_REAL       desplazar e ir al estado 5
    CONSTANTE_CARACTER   desplazar e ir al estado 6
    IDENTIFICADOR        desplazar e ir al estado 7
    LITERAL_CADENA       desplazar e ir al estado 8
    OPERADOR_INCREMENTO  desplazar e ir al estado 9
    SIZE_OF              desplazar e ir al estado 10
    IF                   desplazar e ir al estado 12
    SWITCH               desplazar e ir al estado 13
    WHILE                desplazar e ir al estado 14
    DO                   desplazar e ir al estado 15
    FOR                  desplazar e ir al estado 16
    RETURN               desplazar e ir al estado 17
    '-'                  desplazar e ir al estado 18
    '*'                  desplazar e ir al estado 19
    '('                  desplazar e ir al estado 20
    '&'                  desplazar e ir al estado 21
    '!'                  desplazar e ir al estado 22
    ';'                  desplazar e ir al estado 23
    '{'                  desplazar e ir al estado 24

    expresion             ir al estado 26
    expAsignacion         ir al estado 27
    expCondicional        ir al estado 28
    expOr                 ir al estado 29
    expAnd                ir al estado 30
    expIgualdad           ir al estado 31
    expRelacional         ir al estado 32
    expAditiva            ir al estado 33
    expMultiplicativa     ir al estado 34
    expUnaria             ir al estado 35
    operUnario            ir al estado 36
    expPostfijo           ir al estado 37
    expPrimaria           ir al estado 38
    constante             ir al estado 39
    sentencia             ir al estado 135
    sentenciaCompuesta    ir al estado 45
    sentenciaExpresion    ir al estado 46
    sentenciaDeSeleccion  ir al estado 47
    sentenciaDeIteracion  ir al estado 48
    sentenciaDeSalto      ir al estado 49


estado 122

   86 sentenciaDeIteracion: DO sentencia WHILE '(' . expresion ')' ';'

    CONSTANTE_ENTERA     desplazar e ir al estado 4
    CONSTANTE_REAL       desplazar e ir al estado 5
    CONSTANTE_CARACTER   desplazar e ir al estado 6
    IDENTIFICADOR        desplazar e ir al estado 7
    LITERAL_CADENA       desplazar e ir al estado 8
    OPERADOR_INCREMENTO  desplazar e ir al estado 9
    SIZE_OF              desplazar e ir al estado 10
    '-'                  desplazar e ir al estado 18
    '*'                  desplazar e ir al estado 19
    '('                  desplazar e ir al estado 20
    '&'                  desplazar e ir al estado 21
    '!'                  desplazar e ir al estado 22

    expresion          ir al estado 136
    expAsignacion      ir al estado 27
    expCondicional     ir al estado 28
    expOr              ir al estado 29
    expAnd             ir al estado 30
    expIgualdad        ir al estado 31
    expRelacional      ir al estado 32
    expAditiva         ir al estado 33
    expMultiplicativa  ir al estado 34
    expUnaria          ir al estado 35
    operUnario         ir al estado 36
    expPostfijo        ir al estado 37
    expPrimaria        ir al estado 38
    constante          ir al estado 39


estado 123

   87 sentenciaDeIteracion: FOR '(' opcionExpresion ';' . opcionExpresion ';' opcionExpresion ')' sentencia

    CONSTANTE_ENTERA     desplazar e ir al estado 4
    CONSTANTE_REAL       desplazar e ir al estado 5
    CONSTANTE_CARACTER   desplazar e ir al estado 6
    IDENTIFICADOR        desplazar e ir al estado 7
    LITERAL_CADENA       desplazar e ir al estado 8
    OPERADOR_INCREMENTO  desplazar e ir al estado 9
    SIZE_OF              desplazar e ir al estado 10
    '-'                  desplazar e ir al estado 18
    '*'                  desplazar e ir al estado 19
    '('                  desplazar e ir al estado 20
    '&'                  desplazar e ir al estado 21
    '!'                  desplazar e ir al estado 22

    $default  reduce usando la regla 89 (opcionExpresion)

    expresion          ir al estado 61
    expAsignacion      ir al estado 27
    expCondicional     ir al estado 28
    expOr              ir al estado 29
    expAnd             ir al estado 30
    expIgualdad        ir al estado 31
    expRelacional      ir al estado 32
    expAditiva         ir al estado 33
    expMultiplicativa  ir al estado 34
    expUnaria          ir al estado 35
    operUnario         ir al estado 36
    expPostfijo        ir al estado 37
    expPrimaria        ir al estado 38
    constante          ir al estado 39
    opcionExpresion    ir al estado 137


estado 124

   76 listaSentencias: listaSentencias sentencia .
   79 opcionListaSentencias: listaSentencias sentencia .

    '}'       reduce usando la regla 79 (opcionListaSentencias)
    $default  reduce usando la regla 76 (listaSentencias)


estado 125

   71 sentenciaCompuesta: '{' opcionListaDeclaraciones opcionListaSentencias '}' .

    $default  reduce usando la regla 71 (sentenciaCompuesta)


estado 126

   10 expCondicional: expOr '?' expresion ':' . expCondicional

    CONSTANTE_ENTERA     desplazar e ir al estado 4
    CONSTANTE_REAL       desplazar e ir al estado 5
    CONSTANTE_CARACTER   desplazar e ir al estado 6
    IDENTIFICADOR        desplazar e ir al estado 7
    LITERAL_CADENA       desplazar e ir al estado 8
    OPERADOR_INCREMENTO  desplazar e ir al estado 9
    SIZE_OF              desplazar e ir al estado 10
    '-'                  desplazar e ir al estado 18
    '*'                  desplazar e ir al estado 19
    '('                  desplazar e ir al estado 20
    '&'                  desplazar e ir al estado 21
    '!'                  desplazar e ir al estado 22

    expCondicional     ir al estado 138
    expOr              ir al estado 29
    expAnd             ir al estado 30
    expIgualdad        ir al estado 31
    expRelacional      ir al estado 32
    expAditiva         ir al estado 33
    expMultiplicativa  ir al estado 34
    expUnaria          ir al estado 102
    operUnario         ir al estado 36
    expPostfijo        ir al estado 37
    expPrimaria        ir al estado 38
    constante          ir al estado 39


estado 127

   37 expPostfijo: expPostfijo '(' opcionListaArgumentos ')' .

    $default  reduce usando la regla 37 (expPostfijo)


estado 128

   40 opcionListaArgumentos: opcionListaArgumentos ',' . expAsignacion

    CONSTANTE_ENTERA     desplazar e ir al estado 4
    CONSTANTE_REAL       desplazar e ir al estado 5
    CONSTANTE_CARACTER   desplazar e ir al estado 6
    IDENTIFICADOR        desplazar e ir al estado 7
    LITERAL_CADENA       desplazar e ir al estado 8
    OPERADOR_INCREMENTO  desplazar e ir al estado 9
    SIZE_OF              desplazar e ir al estado 10
    '-'                  desplazar e ir al estado 18
    '*'                  desplazar e ir al estado 19
    '('                  desplazar e ir al estado 20
    '&'                  desplazar e ir al estado 21
    '!'                  desplazar e ir al estado 22

    expAsignacion      ir al estado 139
    expCondicional     ir al estado 28
    expOr              ir al estado 29
    expAnd             ir al estado 30
    expIgualdad        ir al estado 31
    expRelacional      ir al estado 32
    expAditiva         ir al estado 33
    expMultiplicativa  ir al estado 34
    expUnaria          ir al estado 35
    operUnario         ir al estado 36
    expPostfijo        ir al estado 37
    expPrimaria        ir al estado 38
    constante          ir al estado 39


estado 129

   36 expPostfijo: expPostfijo '[' expresion ']' .

    $default  reduce usando la regla 36 (expPostfijo)


estado 130

   64 opcionReferencia: '&' .

    $default  reduce usando la regla 64 (opcionReferencia)


estado 131

   59 opcionArgumentosConTipo: TIPO_DATO opcionReferencia . IDENTIFICADOR
   60                        | TIPO_DATO opcionReferencia . IDENTIFICADOR ',' argumentosConTipo

    IDENTIFICADOR  desplazar e ir al estado 140


estado 132

   57 declaracionFunciones: TIPO_DATO IDENTIFICADOR '(' opcionArgumentosConTipo ')' . ';'
   65 definicionFunciones: TIPO_DATO IDENTIFICADOR '(' opcionArgumentosConTipo ')' . sentencia

    CONSTANTE_ENTERA     desplazar e ir al estado 4
    CONSTANTE_REAL       desplazar e ir al estado 5
    CONSTANTE_CARACTER   desplazar e ir al estado 6
    IDENTIFICADOR        desplazar e ir al estado 7
    LITERAL_CADENA       desplazar e ir al estado 8
    OPERADOR_INCREMENTO  desplazar e ir al estado 9
    SIZE_OF              desplazar e ir al estado 10
    IF                   desplazar e ir al estado 12
    SWITCH               desplazar e ir al estado 13
    WHILE                desplazar e ir al estado 14
    DO                   desplazar e ir al estado 15
    FOR                  desplazar e ir al estado 16
    RETURN               desplazar e ir al estado 17
    '-'                  desplazar e ir al estado 18
    '*'                  desplazar e ir al estado 19
    '('                  desplazar e ir al estado 20
    '&'                  desplazar e ir al estado 21
    '!'                  desplazar e ir al estado 22
    ';'                  desplazar e ir al estado 141
    '{'                  desplazar e ir al estado 24

    expresion             ir al estado 26
    expAsignacion         ir al estado 27
    expCondicional        ir al estado 28
    expOr                 ir al estado 29
    expAnd                ir al estado 30
    expIgualdad           ir al estado 31
    expRelacional         ir al estado 32
    expAditiva            ir al estado 33
    expMultiplicativa     ir al estado 34
    expUnaria             ir al estado 35
    operUnario            ir al estado 36
    expPostfijo           ir al estado 37
    expPrimaria           ir al estado 38
    constante             ir al estado 39
    sentencia             ir al estado 142
    sentenciaCompuesta    ir al estado 45
    sentenciaExpresion    ir al estado 46
    sentenciaDeSeleccion  ir al estado 47
    sentenciaDeIteracion  ir al estado 48
    sentenciaDeSalto      ir al estado 49


estado 133

   82 sentenciaDeSeleccion: IF '(' expresion ')' sentencia .
   83                     | IF '(' expresion ')' sentencia . ELSE sentencia

    ELSE  desplazar e ir al estado 143

    ELSE      [reduce usando la regla 82 (sentenciaDeSeleccion)]
    $default  reduce usando la regla 82 (sentenciaDeSeleccion)


estado 134

   84 sentenciaDeSeleccion: SWITCH '(' expresion ')' sentencia .

    $default  reduce usando la regla 84 (sentenciaDeSeleccion)


estado 135

   85 sentenciaDeIteracion: WHILE '(' expresion ')' sentencia .

    $default  reduce usando la regla 85 (sentenciaDeIteracion)


estado 136

   86 sentenciaDeIteracion: DO sentencia WHILE '(' expresion . ')' ';'

    ')'  desplazar e ir al estado 144


estado 137

   87 sentenciaDeIteracion: FOR '(' opcionExpresion ';' opcionExpresion . ';' opcionExpresion ')' sentencia

    ';'  desplazar e ir al estado 145


estado 138

   10 expCondicional: expOr '?' expresion ':' expCondicional .

    $default  reduce usando la regla 10 (expCondicional)


estado 139

   40 opcionListaArgumentos: opcionListaArgumentos ',' expAsignacion .

    $default  reduce usando la regla 40 (opcionListaArgumentos)


estado 140

   59 opcionArgumentosConTipo: TIPO_DATO opcionReferencia IDENTIFICADOR .
   60                        | TIPO_DATO opcionReferencia IDENTIFICADOR . ',' argumentosConTipo

    ','  desplazar e ir al estado 146

    $default  reduce usando la regla 59 (opcionArgumentosConTipo)


estado 141

   57 declaracionFunciones: TIPO_DATO IDENTIFICADOR '(' opcionArgumentosConTipo ')' ';' .
   80 sentenciaExpresion: ';' .

    CONSTANTE_ENTERA     reduce usando la regla 57 (declaracionFunciones)
    CONSTANTE_ENTERA     [reduce usando la regla 80 (sentenciaExpresion)]
    CONSTANTE_REAL       reduce usando la regla 57 (declaracionFunciones)
    CONSTANTE_REAL       [reduce usando la regla 80 (sentenciaExpresion)]
    CONSTANTE_CARACTER   reduce usando la regla 57 (declaracionFunciones)
    CONSTANTE_CARACTER   [reduce usando la regla 80 (sentenciaExpresion)]
    IDENTIFICADOR        reduce usando la regla 57 (declaracionFunciones)
    IDENTIFICADOR        [reduce usando la regla 80 (sentenciaExpresion)]
    LITERAL_CADENA       reduce usando la regla 57 (declaracionFunciones)
    LITERAL_CADENA       [reduce usando la regla 80 (sentenciaExpresion)]
    OPERADOR_INCREMENTO  reduce usando la regla 57 (declaracionFunciones)
    OPERADOR_INCREMENTO  [reduce usando la regla 80 (sentenciaExpresion)]
    SIZE_OF              reduce usando la regla 57 (declaracionFunciones)
    SIZE_OF              [reduce usando la regla 80 (sentenciaExpresion)]
    TIPO_DATO            reduce usando la regla 57 (declaracionFunciones)
    TIPO_DATO            [reduce usando la regla 80 (sentenciaExpresion)]
    IF                   reduce usando la regla 57 (declaracionFunciones)
    IF                   [reduce usando la regla 80 (sentenciaExpresion)]
    SWITCH               reduce usando la regla 57 (declaracionFunciones)
    SWITCH               [reduce usando la regla 80 (sentenciaExpresion)]
    WHILE                reduce usando la regla 57 (declaracionFunciones)
    WHILE                [reduce usando la regla 80 (sentenciaExpresion)]
    DO                   reduce usando la regla 57 (declaracionFunciones)
    DO                   [reduce usando la regla 80 (sentenciaExpresion)]
    FOR                  reduce usando la regla 57 (declaracionFunciones)
    FOR                  [reduce usando la regla 80 (sentenciaExpresion)]
    RETURN               reduce usando la regla 57 (declaracionFunciones)
    RETURN               [reduce usando la regla 80 (sentenciaExpresion)]
    '\n'                 reduce usando la regla 57 (declaracionFunciones)
    '\n'                 [reduce usando la regla 80 (sentenciaExpresion)]
    '-'                  reduce usando la regla 57 (declaracionFunciones)
    '-'                  [reduce usando la regla 80 (sentenciaExpresion)]
    '*'                  reduce usando la regla 57 (declaracionFunciones)
    '*'                  [reduce usando la regla 80 (sentenciaExpresion)]
    '('                  reduce usando la regla 57 (declaracionFunciones)
    '('                  [reduce usando la regla 80 (sentenciaExpresion)]
    '&'                  reduce usando la regla 57 (declaracionFunciones)
    '&'                  [reduce usando la regla 80 (sentenciaExpresion)]
    '!'                  reduce usando la regla 57 (declaracionFunciones)
    '!'                  [reduce usando la regla 80 (sentenciaExpresion)]
    ';'                  reduce usando la regla 57 (declaracionFunciones)
    ';'                  [reduce usando la regla 80 (sentenciaExpresion)]
    '{'                  reduce usando la regla 57 (declaracionFunciones)
    '{'                  [reduce usando la regla 80 (sentenciaExpresion)]
    '}'                  reduce usando la regla 57 (declaracionFunciones)
    '}'                  [reduce usando la regla 80 (sentenciaExpresion)]
    $default             reduce usando la regla 57 (declaracionFunciones)


estado 142

   65 definicionFunciones: TIPO_DATO IDENTIFICADOR '(' opcionArgumentosConTipo ')' sentencia .

    $default  reduce usando la regla 65 (definicionFunciones)


estado 143

   83 sentenciaDeSeleccion: IF '(' expresion ')' sentencia ELSE . sentencia

    CONSTANTE_ENTERA     desplazar e ir al estado 4
    CONSTANTE_REAL       desplazar e ir al estado 5
    CONSTANTE_CARACTER   desplazar e ir al estado 6
    IDENTIFICADOR        desplazar e ir al estado 7
    LITERAL_CADENA       desplazar e ir al estado 8
    OPERADOR_INCREMENTO  desplazar e ir al estado 9
    SIZE_OF              desplazar e ir al estado 10
    IF                   desplazar e ir al estado 12
    SWITCH               desplazar e ir al estado 13
    WHILE                desplazar e ir al estado 14
    DO                   desplazar e ir al estado 15
    FOR                  desplazar e ir al estado 16
    RETURN               desplazar e ir al estado 17
    '-'                  desplazar e ir al estado 18
    '*'                  desplazar e ir al estado 19
    '('                  desplazar e ir al estado 20
    '&'                  desplazar e ir al estado 21
    '!'                  desplazar e ir al estado 22
    ';'                  desplazar e ir al estado 23
    '{'                  desplazar e ir al estado 24

    expresion             ir al estado 26
    expAsignacion         ir al estado 27
    expCondicional        ir al estado 28
    expOr                 ir al estado 29
    expAnd                ir al estado 30
    expIgualdad           ir al estado 31
    expRelacional         ir al estado 32
    expAditiva            ir al estado 33
    expMultiplicativa     ir al estado 34
    expUnaria             ir al estado 35
    operUnario            ir al estado 36
    expPostfijo           ir al estado 37
    expPrimaria           ir al estado 38
    constante             ir al estado 39
    sentencia             ir al estado 147
    sentenciaCompuesta    ir al estado 45
    sentenciaExpresion    ir al estado 46
    sentenciaDeSeleccion  ir al estado 47
    sentenciaDeIteracion  ir al estado 48
    sentenciaDeSalto      ir al estado 49


estado 144

   86 sentenciaDeIteracion: DO sentencia WHILE '(' expresion ')' . ';'

    ';'  desplazar e ir al estado 148


estado 145

   87 sentenciaDeIteracion: FOR '(' opcionExpresion ';' opcionExpresion ';' . opcionExpresion ')' sentencia

    CONSTANTE_ENTERA     desplazar e ir al estado 4
    CONSTANTE_REAL       desplazar e ir al estado 5
    CONSTANTE_CARACTER   desplazar e ir al estado 6
    IDENTIFICADOR        desplazar e ir al estado 7
    LITERAL_CADENA       desplazar e ir al estado 8
    OPERADOR_INCREMENTO  desplazar e ir al estado 9
    SIZE_OF              desplazar e ir al estado 10
    '-'                  desplazar e ir al estado 18
    '*'                  desplazar e ir al estado 19
    '('                  desplazar e ir al estado 20
    '&'                  desplazar e ir al estado 21
    '!'                  desplazar e ir al estado 22

    $default  reduce usando la regla 89 (opcionExpresion)

    expresion          ir al estado 61
    expAsignacion      ir al estado 27
    expCondicional     ir al estado 28
    expOr              ir al estado 29
    expAnd             ir al estado 30
    expIgualdad        ir al estado 31
    expRelacional      ir al estado 32
    expAditiva         ir al estado 33
    expMultiplicativa  ir al estado 34
    expUnaria          ir al estado 35
    operUnario         ir al estado 36
    expPostfijo        ir al estado 37
    expPrimaria        ir al estado 38
    constante          ir al estado 39
    opcionExpresion    ir al estado 149


estado 146

   60 opcionArgumentosConTipo: TIPO_DATO opcionReferencia IDENTIFICADOR ',' . argumentosConTipo

    TIPO_DATO  desplazar e ir al estado 150

    argumentosConTipo  ir al estado 151


estado 147

   83 sentenciaDeSeleccion: IF '(' expresion ')' sentencia ELSE sentencia .

    $default  reduce usando la regla 83 (sentenciaDeSeleccion)


estado 148

   86 sentenciaDeIteracion: DO sentencia WHILE '(' expresion ')' ';' .

    $default  reduce usando la regla 86 (sentenciaDeIteracion)


estado 149

   87 sentenciaDeIteracion: FOR '(' opcionExpresion ';' opcionExpresion ';' opcionExpresion . ')' sentencia

    ')'  desplazar e ir al estado 152


estado 150

   61 argumentosConTipo: TIPO_DATO . opcionReferencia IDENTIFICADOR
   62                  | TIPO_DATO . opcionReferencia IDENTIFICADOR ',' argumentosConTipo

    '&'  desplazar e ir al estado 130

    $default  reduce usando la regla 63 (opcionReferencia)

    opcionReferencia  ir al estado 153


estado 151

   60 opcionArgumentosConTipo: TIPO_DATO opcionReferencia IDENTIFICADOR ',' argumentosConTipo .

    $default  reduce usando la regla 60 (opcionArgumentosConTipo)


estado 152

   87 sentenciaDeIteracion: FOR '(' opcionExpresion ';' opcionExpresion ';' opcionExpresion ')' . sentencia

    CONSTANTE_ENTERA     desplazar e ir al estado 4
    CONSTANTE_REAL       desplazar e ir al estado 5
    CONSTANTE_CARACTER   desplazar e ir al estado 6
    IDENTIFICADOR        desplazar e ir al estado 7
    LITERAL_CADENA       desplazar e ir al estado 8
    OPERADOR_INCREMENTO  desplazar e ir al estado 9
    SIZE_OF              desplazar e ir al estado 10
    IF                   desplazar e ir al estado 12
    SWITCH               desplazar e ir al estado 13
    WHILE                desplazar e ir al estado 14
    DO                   desplazar e ir al estado 15
    FOR                  desplazar e ir al estado 16
    RETURN               desplazar e ir al estado 17
    '-'                  desplazar e ir al estado 18
    '*'                  desplazar e ir al estado 19
    '('                  desplazar e ir al estado 20
    '&'                  desplazar e ir al estado 21
    '!'                  desplazar e ir al estado 22
    ';'                  desplazar e ir al estado 23
    '{'                  desplazar e ir al estado 24

    expresion             ir al estado 26
    expAsignacion         ir al estado 27
    expCondicional        ir al estado 28
    expOr                 ir al estado 29
    expAnd                ir al estado 30
    expIgualdad           ir al estado 31
    expRelacional         ir al estado 32
    expAditiva            ir al estado 33
    expMultiplicativa     ir al estado 34
    expUnaria             ir al estado 35
    operUnario            ir al estado 36
    expPostfijo           ir al estado 37
    expPrimaria           ir al estado 38
    constante             ir al estado 39
    sentencia             ir al estado 154
    sentenciaCompuesta    ir al estado 45
    sentenciaExpresion    ir al estado 46
    sentenciaDeSeleccion  ir al estado 47
    sentenciaDeIteracion  ir al estado 48
    sentenciaDeSalto      ir al estado 49


estado 153

   61 argumentosConTipo: TIPO_DATO opcionReferencia . IDENTIFICADOR
   62                  | TIPO_DATO opcionReferencia . IDENTIFICADOR ',' argumentosConTipo

    IDENTIFICADOR  desplazar e ir al estado 155


estado 154

   87 sentenciaDeIteracion: FOR '(' opcionExpresion ';' opcionExpresion ';' opcionExpresion ')' sentencia .

    $default  reduce usando la regla 87 (sentenciaDeIteracion)


estado 155

   61 argumentosConTipo: TIPO_DATO opcionReferencia IDENTIFICADOR .
   62                  | TIPO_DATO opcionReferencia IDENTIFICADOR . ',' argumentosConTipo

    ','  desplazar e ir al estado 156

    $default  reduce usando la regla 61 (argumentosConTipo)


estado 156

   62 argumentosConTipo: TIPO_DATO opcionReferencia IDENTIFICADOR ',' . argumentosConTipo

    TIPO_DATO  desplazar e ir al estado 150

    argumentosConTipo  ir al estado 157


estado 157

   62 argumentosConTipo: TIPO_DATO opcionReferencia IDENTIFICADOR ',' argumentosConTipo .

    $default  reduce usando la regla 62 (argumentosConTipo)
